Using pre-set license
Built from '2020.3/staging' branch; Version is '2020.3.11f1 (99c7afb366b3) revision 10078127'; Using compiler version '192528614'; Build Type 'Release'
OS: 'Windows 10 Enterprise; OS build 19041.1052; Version 2004; 64bit' Language: 'tr' Physical Memory: 16333 MB
BatchMode: 1, IsHumanControllingUs: 0, StartBugReporterOnCrash: 0, Is64bit: 1, IsPro: 0

 COMMAND LINE ARGUMENTS:
C:\Program Files\Unity\Editor\2020.3.11f1\Editor\Unity.exe
-adb2
-batchMode
-noUpm
-name
AssetImportWorker0
-projectPath
C:/Users/Banba1/Desktop/ProjectSandwich
-logFile
Logs/AssetImportWorker0.log
-srvPort
53904
Successfully changed project path to: C:/Users/Banba1/Desktop/ProjectSandwich
C:/Users/Banba1/Desktop/ProjectSandwich
Using Asset Import Pipeline V2.
Refreshing native plugins compatible for Editor in 25.53 ms, found 2 plugins.
Preloading 0 native plugins for Editor in 0.00 ms.
Initialize engine version: 2020.3.11f1 (99c7afb366b3)
[Subsystems] Discovering subsystems at path C:/Program Files/Unity/Editor/2020.3.11f1/Editor/Data/Resources/UnitySubsystems
[Subsystems] Discovering subsystems at path C:/Users/Banba1/Desktop/ProjectSandwich/Assets
GfxDevice: creating device client; threaded=0
Direct3D:
    Version:  Direct3D 11.0 [level 11.1]
    Renderer: NVIDIA GeForce GTX 1650 (ID=0x2188)
    Vendor:   
    VRAM:     3962 MB
    Driver:   27.21.14.6079
Initialize mono
Mono path[0] = 'C:/Program Files/Unity/Editor/2020.3.11f1/Editor/Data/Managed'
Mono path[1] = 'C:/Program Files/Unity/Editor/2020.3.11f1/Editor/Data/MonoBleedingEdge/lib/mono/unityjit'
Mono config path = 'C:/Program Files/Unity/Editor/2020.3.11f1/Editor/Data/MonoBleedingEdge/etc'
Using monoOptions --debugger-agent=transport=dt_socket,embedding=1,server=y,suspend=n,address=127.0.0.1:56716
Begin MonoManager ReloadAssembly
Registering precompiled unity dll's ...
Register platform support module: C:/Program Files/Unity/Editor/2020.3.11f1/Editor/Data/PlaybackEngines/WindowsStandaloneSupport/UnityEditor.WindowsStandalone.Extensions.dll
Registered in 0.001488 seconds.
Native extension for WindowsStandalone target not found
Refreshing native plugins compatible for Editor in 24.50 ms, found 2 plugins.
Preloading 0 native plugins for Editor in 0.00 ms.
Mono: successfully reloaded assembly
- Completed reload, in  1.371 seconds
Platform modules already initialized, skipping
Registering precompiled user dll's ...
Registered in 0.003485 seconds.
Begin MonoManager ReloadAssembly
Native extension for WindowsStandalone target not found
Refreshing native plugins compatible for Editor in 0.30 ms, found 2 plugins.
Preloading 0 native plugins for Editor in 0.00 ms.
Mono: successfully reloaded assembly
- Completed reload, in  0.876 seconds
Platform modules already initialized, skipping
========================================================================
Worker process is ready to serve import requests
Launched and connected shader compiler UnityShaderCompiler.exe after 0.03 seconds
Refreshing native plugins compatible for Editor in 0.30 ms, found 2 plugins.
Preloading 0 native plugins for Editor in 0.00 ms.
Unloading 1400 Unused Serialized files (Serialized files now loaded: 0)
System memory in use before: 64.9 MB.
System memory in use after: 65.0 MB.

Unloading 20 unused Assets to reduce memory usage. Loaded Objects now: 1837.
Total: 1.685500 ms (FindLiveObjects: 0.129400 ms CreateObjectMapping: 0.031600 ms MarkObjects: 1.473200 ms  DeleteObjects: 0.050400 ms)

========================================================================
Received Import Request.
  path: Assets/Materials/BreadMat.mat
  artifactKey: Guid(5b110fe37cec60944a110a72a2a93bef) Importer(815301076,1909f56bfc062723c751e8b465ee728b)
Start importing Assets/Materials/BreadMat.mat using Guid(5b110fe37cec60944a110a72a2a93bef) Importer(815301076,1909f56bfc062723c751e8b465ee728b)  -> (artifact id: 'a7a0884beab554427ffdbdd66847c382') in 0.236753 seconds
  Import took 0.238733 seconds .

========================================================================
Received Import Request.
  Time since last request: 0.000222 seconds.
  path: Assets/Materials/TomatoMat.mat
  artifactKey: Guid(18c31b5d9ab94e0448f1cdf7ada241df) Importer(815301076,1909f56bfc062723c751e8b465ee728b)
Start importing Assets/Materials/TomatoMat.mat using Guid(18c31b5d9ab94e0448f1cdf7ada241df) Importer(815301076,1909f56bfc062723c751e8b465ee728b)  -> (artifact id: '25fb985e026774e337105426a4b8805f') in 0.010437 seconds
  Import took 0.012293 seconds .

========================================================================
Received Import Request.
  Time since last request: 327.810971 seconds.
  path: Assets/Scenes
  artifactKey: Guid(68e112f14cb5b9141ad36f9f77e6733e) Importer(815301076,1909f56bfc062723c751e8b465ee728b)
Start importing Assets/Scenes using Guid(68e112f14cb5b9141ad36f9f77e6733e) Importer(815301076,1909f56bfc062723c751e8b465ee728b)  -> (artifact id: '23555bbbc4af3d26eb15ce280d8dd090') in 0.005112 seconds
  Import took 0.007325 seconds .

========================================================================
Received Import Request.
  Time since last request: 0.011458 seconds.
  path: Assets/Scenes
  artifactKey: Guid(68e112f14cb5b9141ad36f9f77e6733e) Importer(815301076,1909f56bfc062723c751e8b465ee728b)
Start importing Assets/Scenes using Guid(68e112f14cb5b9141ad36f9f77e6733e) Importer(815301076,1909f56bfc062723c751e8b465ee728b)  -> (artifact id: '23555bbbc4af3d26eb15ce280d8dd090') in 0.001708 seconds
  Import took 0.003459 seconds .

========================================================================
Received Import Request.
  Time since last request: 1.434714 seconds.
  path: Assets/Scripts
  artifactKey: Guid(290371588346d7e418035f23a27db163) Importer(815301076,1909f56bfc062723c751e8b465ee728b)
Start importing Assets/Scripts using Guid(290371588346d7e418035f23a27db163) Importer(815301076,1909f56bfc062723c751e8b465ee728b)  -> (artifact id: '9abbcd452e980cb777fb072750026cff') in 0.005247 seconds
  Import took 0.007216 seconds .

========================================================================
Received Import Request.
  Time since last request: 1.766108 seconds.
  path: Assets/Scripts/GameManager.cs
  artifactKey: Guid(800fd240ecef61d46b415b7c71759a33) Importer(815301076,1909f56bfc062723c751e8b465ee728b)
Start importing Assets/Scripts/GameManager.cs using Guid(800fd240ecef61d46b415b7c71759a33) Importer(815301076,1909f56bfc062723c751e8b465ee728b)  -> (artifact id: 'efd50809a9d3887bbc403509ff902158') in 0.010717 seconds
  Import took 0.012741 seconds .

========================================================================
Received Import Request.
  Time since last request: 0.415994 seconds.
  path: Assets/Scripts/ObjectType.cs
  artifactKey: Guid(2002bf7ca392ecf4ea1fbb662cb3cf36) Importer(815301076,1909f56bfc062723c751e8b465ee728b)
Start importing Assets/Scripts/ObjectType.cs using Guid(2002bf7ca392ecf4ea1fbb662cb3cf36) Importer(815301076,1909f56bfc062723c751e8b465ee728b)  -> (artifact id: '1873c1db640354af4a88e9e11ef932a1') in 0.006576 seconds
  Import took 0.008679 seconds .

========================================================================
Received Import Request.
  Time since last request: 0.317585 seconds.
  path: Assets/Scripts/RotatableObject.cs
  artifactKey: Guid(b3e223bb3c97a39458211d85bb196454) Importer(815301076,1909f56bfc062723c751e8b465ee728b)
Start importing Assets/Scripts/RotatableObject.cs using Guid(b3e223bb3c97a39458211d85bb196454) Importer(815301076,1909f56bfc062723c751e8b465ee728b)  -> (artifact id: 'a8ed550c8fda0d6d9e1961f37e677db5') in 0.005290 seconds
  Import took 0.007361 seconds .

========================================================================
Received Import Request.
  Time since last request: 0.017632 seconds.
  path: Assets/Scripts/RotatableObject.cs
  artifactKey: Guid(b3e223bb3c97a39458211d85bb196454) Importer(815301076,1909f56bfc062723c751e8b465ee728b)
Start importing Assets/Scripts/RotatableObject.cs using Guid(b3e223bb3c97a39458211d85bb196454) Importer(815301076,1909f56bfc062723c751e8b465ee728b)  -> (artifact id: 'a8ed550c8fda0d6d9e1961f37e677db5') in 0.002056 seconds
  Import took 0.003981 seconds .

========================================================================
Received Import Request.
  Time since last request: 0.378896 seconds.
  path: Assets/Scripts/UserInput.cs
  artifactKey: Guid(e82dbecd95172494ca873d16f63789f5) Importer(815301076,1909f56bfc062723c751e8b465ee728b)
Start importing Assets/Scripts/UserInput.cs using Guid(e82dbecd95172494ca873d16f63789f5) Importer(815301076,1909f56bfc062723c751e8b465ee728b)  -> (artifact id: 'cc7f411a0417d7245b7d6d6a3affb3bd') in 0.005916 seconds
  Import took 0.008192 seconds .

========================================================================
Received Import Request.
  Time since last request: 0.000192 seconds.
  path: Assets/Scripts/UserInput.cs
  artifactKey: Guid(e82dbecd95172494ca873d16f63789f5) Importer(815301076,1909f56bfc062723c751e8b465ee728b)
Start importing Assets/Scripts/UserInput.cs using Guid(e82dbecd95172494ca873d16f63789f5) Importer(815301076,1909f56bfc062723c751e8b465ee728b)  -> (artifact id: 'cc7f411a0417d7245b7d6d6a3affb3bd') in 0.001797 seconds
  Import took 0.003461 seconds .

========================================================================
Received Import Request.
  Time since last request: 0.343720 seconds.
  path: Assets/Scripts/WinConditionChecker.cs
  artifactKey: Guid(4c1103b61b52c1a48bcd26f569e0378a) Importer(815301076,1909f56bfc062723c751e8b465ee728b)
Start importing Assets/Scripts/WinConditionChecker.cs using Guid(4c1103b61b52c1a48bcd26f569e0378a) Importer(815301076,1909f56bfc062723c751e8b465ee728b)  -> (artifact id: '33ac1f25eece979b48b9a85142fb425c') in 0.005703 seconds
  Import took 0.007695 seconds .

========================================================================
Received Import Request.
  Time since last request: 0.000845 seconds.
  path: Assets/Scripts/WinConditionChecker.cs
  artifactKey: Guid(4c1103b61b52c1a48bcd26f569e0378a) Importer(815301076,1909f56bfc062723c751e8b465ee728b)
Start importing Assets/Scripts/WinConditionChecker.cs using Guid(4c1103b61b52c1a48bcd26f569e0378a) Importer(815301076,1909f56bfc062723c751e8b465ee728b)  -> (artifact id: '33ac1f25eece979b48b9a85142fb425c') in 0.001754 seconds
  Import took 0.003574 seconds .

========================================================================
Received Import Request.
  Time since last request: 71.959056 seconds.
  path: Assets/Materials
  artifactKey: Guid(c2a93c33d9bc9fe48b30bca99e9138d8) Importer(815301076,1909f56bfc062723c751e8b465ee728b)
Start importing Assets/Materials using Guid(c2a93c33d9bc9fe48b30bca99e9138d8) Importer(815301076,1909f56bfc062723c751e8b465ee728b)  -> (artifact id: 'f903e0d467787a0ca448e0b60d4dd26f') in 0.005926 seconds
  Import took 0.007973 seconds .

========================================================================
Received Prepare
Registering precompiled user dll's ...
Registered in 0.069063 seconds.
Begin MonoManager ReloadAssembly
Native extension for WindowsStandalone target not found
Refreshing native plugins compatible for Editor in 0.30 ms, found 2 plugins.
Preloading 0 native plugins for Editor in 0.00 ms.
Mono: successfully reloaded assembly
- Completed reload, in  0.772 seconds
Platform modules already initialized, skipping
Refreshing native plugins compatible for Editor in 0.31 ms, found 2 plugins.
Preloading 0 native plugins for Editor in 0.00 ms.
Unloading 1395 Unused Serialized files (Serialized files now loaded: 0)
System memory in use before: 68.2 MB.
System memory in use after: 68.3 MB.

Unloading 15 unused Assets to reduce memory usage. Loaded Objects now: 1880.
Total: 3.113600 ms (FindLiveObjects: 0.186200 ms CreateObjectMapping: 0.028300 ms MarkObjects: 2.871100 ms  DeleteObjects: 0.026200 ms)

========================================================================
Received Import Request.
  Time since last request: 154.914902 seconds.
  path: Assets/Scripts/UserInput.cs
  artifactKey: Guid(e82dbecd95172494ca873d16f63789f5) Importer(815301076,1909f56bfc062723c751e8b465ee728b)
Start importing Assets/Scripts/UserInput.cs using Guid(e82dbecd95172494ca873d16f63789f5) Importer(815301076,1909f56bfc062723c751e8b465ee728b)  -> (artifact id: '78c35f98c7411fc531adfe1dca45f144') in 0.010373 seconds
  Import took 0.012505 seconds .

========================================================================
Received Import Request.
  Time since last request: 3.363466 seconds.
  path: Assets/Scripts/UserInput.cs
  artifactKey: Guid(e82dbecd95172494ca873d16f63789f5) Importer(815301076,1909f56bfc062723c751e8b465ee728b)
Start importing Assets/Scripts/UserInput.cs using Guid(e82dbecd95172494ca873d16f63789f5) Importer(815301076,1909f56bfc062723c751e8b465ee728b)  -> (artifact id: '0f964aabd6874c1d6b14038e4f1b15a7') in 0.002214 seconds
  Import took 0.004238 seconds .

========================================================================
Received Prepare
Registering precompiled user dll's ...
Registered in 0.003245 seconds.
Begin MonoManager ReloadAssembly
Native extension for WindowsStandalone target not found
Refreshing native plugins compatible for Editor in 0.34 ms, found 2 plugins.
Preloading 0 native plugins for Editor in 0.00 ms.
Mono: successfully reloaded assembly
- Completed reload, in  0.728 seconds
Platform modules already initialized, skipping
Refreshing native plugins compatible for Editor in 0.29 ms, found 2 plugins.
Preloading 0 native plugins for Editor in 0.00 ms.
Unloading 1395 Unused Serialized files (Serialized files now loaded: 0)
System memory in use before: 68.2 MB.
System memory in use after: 68.3 MB.

Unloading 15 unused Assets to reduce memory usage. Loaded Objects now: 1883.
Total: 1.509700 ms (FindLiveObjects: 0.132800 ms CreateObjectMapping: 0.035600 ms MarkObjects: 1.327300 ms  DeleteObjects: 0.013000 ms)

========================================================================
Received Import Request.
  Time since last request: 45.603893 seconds.
  path: Assets/Scripts/RotatableObject.cs
  artifactKey: Guid(b3e223bb3c97a39458211d85bb196454) Importer(815301076,1909f56bfc062723c751e8b465ee728b)
Start importing Assets/Scripts/RotatableObject.cs using Guid(b3e223bb3c97a39458211d85bb196454) Importer(815301076,1909f56bfc062723c751e8b465ee728b)  -> (artifact id: '6940c99958c25a18ab35f0c63ad8b063') in 0.007828 seconds
  Import took 0.009966 seconds .

========================================================================
Received Prepare
Registering precompiled user dll's ...
Registered in 0.003316 seconds.
Begin MonoManager ReloadAssembly
Native extension for WindowsStandalone target not found
Refreshing native plugins compatible for Editor in 0.30 ms, found 2 plugins.
Preloading 0 native plugins for Editor in 0.00 ms.
Mono: successfully reloaded assembly
- Completed reload, in  0.698 seconds
Platform modules already initialized, skipping
Refreshing native plugins compatible for Editor in 0.30 ms, found 2 plugins.
Preloading 0 native plugins for Editor in 0.00 ms.
Unloading 1395 Unused Serialized files (Serialized files now loaded: 0)
System memory in use before: 68.3 MB.
System memory in use after: 68.4 MB.

Unloading 15 unused Assets to reduce memory usage. Loaded Objects now: 1886.
Total: 1.435900 ms (FindLiveObjects: 0.119900 ms CreateObjectMapping: 0.029600 ms MarkObjects: 1.272100 ms  DeleteObjects: 0.013600 ms)

========================================================================
Received Import Request.
  Time since last request: 24.191380 seconds.
  path: Assets/Scripts/RotatableObject.cs
  artifactKey: Guid(b3e223bb3c97a39458211d85bb196454) Importer(815301076,1909f56bfc062723c751e8b465ee728b)
Start importing Assets/Scripts/RotatableObject.cs using Guid(b3e223bb3c97a39458211d85bb196454) Importer(815301076,1909f56bfc062723c751e8b465ee728b)  -> (artifact id: 'e88ce67dfdf1ff8f40c65d103a899ff7') in 0.005577 seconds
  Import took 0.007719 seconds .

========================================================================
Received Prepare
Registering precompiled user dll's ...
Registered in 0.003298 seconds.
Begin MonoManager ReloadAssembly
Native extension for WindowsStandalone target not found
Refreshing native plugins compatible for Editor in 0.30 ms, found 2 plugins.
Preloading 0 native plugins for Editor in 0.00 ms.
Mono: successfully reloaded assembly
- Completed reload, in  0.701 seconds
Platform modules already initialized, skipping
Refreshing native plugins compatible for Editor in 0.29 ms, found 2 plugins.
Preloading 0 native plugins for Editor in 0.00 ms.
Unloading 1395 Unused Serialized files (Serialized files now loaded: 0)
System memory in use before: 68.3 MB.
System memory in use after: 68.4 MB.

Unloading 15 unused Assets to reduce memory usage. Loaded Objects now: 1889.
Total: 1.442900 ms (FindLiveObjects: 0.124600 ms CreateObjectMapping: 0.030000 ms MarkObjects: 1.274100 ms  DeleteObjects: 0.013500 ms)

========================================================================
Received Import Request.
  Time since last request: 6.906970 seconds.
  path: Assets/Scripts/RotatableObject.cs
  artifactKey: Guid(b3e223bb3c97a39458211d85bb196454) Importer(815301076,1909f56bfc062723c751e8b465ee728b)
Start importing Assets/Scripts/RotatableObject.cs using Guid(b3e223bb3c97a39458211d85bb196454) Importer(815301076,1909f56bfc062723c751e8b465ee728b)  -> (artifact id: 'a0285b1d5b9a0dc3e42f4551aef37b32') in 0.005626 seconds
  Import took 0.007850 seconds .

========================================================================
Received Prepare
Registering precompiled user dll's ...
Registered in 0.003282 seconds.
Begin MonoManager ReloadAssembly
Native extension for WindowsStandalone target not found
Refreshing native plugins compatible for Editor in 0.31 ms, found 2 plugins.
Preloading 0 native plugins for Editor in 0.00 ms.
Mono: successfully reloaded assembly
- Completed reload, in  0.700 seconds
Platform modules already initialized, skipping
Refreshing native plugins compatible for Editor in 0.29 ms, found 2 plugins.
Preloading 0 native plugins for Editor in 0.00 ms.
Unloading 1395 Unused Serialized files (Serialized files now loaded: 0)
System memory in use before: 68.3 MB.
System memory in use after: 68.4 MB.

Unloading 15 unused Assets to reduce memory usage. Loaded Objects now: 1892.
Total: 1.431900 ms (FindLiveObjects: 0.120400 ms CreateObjectMapping: 0.030400 ms MarkObjects: 1.266500 ms  DeleteObjects: 0.013900 ms)

========================================================================
Received Prepare
Registering precompiled user dll's ...
Registered in 0.003403 seconds.
Begin MonoManager ReloadAssembly
Native extension for WindowsStandalone target not found
Refreshing native plugins compatible for Editor in 0.31 ms, found 2 plugins.
Preloading 0 native plugins for Editor in 0.00 ms.
Mono: successfully reloaded assembly
- Completed reload, in  0.702 seconds
Platform modules already initialized, skipping
Refreshing native plugins compatible for Editor in 0.29 ms, found 2 plugins.
Preloading 0 native plugins for Editor in 0.00 ms.
Unloading 1396 Unused Serialized files (Serialized files now loaded: 0)
System memory in use before: 68.3 MB.
System memory in use after: 68.4 MB.

Unloading 15 unused Assets to reduce memory usage. Loaded Objects now: 1896.
Total: 1.428000 ms (FindLiveObjects: 0.124700 ms CreateObjectMapping: 0.030100 ms MarkObjects: 1.259300 ms  DeleteObjects: 0.013100 ms)

========================================================================
Received Import Request.
  Time since last request: 80.190254 seconds.
  path: Assets/Scripts/IShakeable.cs
  artifactKey: Guid(895c63a699c54af4a800c7c8560e6ae5) Importer(815301076,1909f56bfc062723c751e8b465ee728b)
Start importing Assets/Scripts/IShakeable.cs using Guid(895c63a699c54af4a800c7c8560e6ae5) Importer(815301076,1909f56bfc062723c751e8b465ee728b)  -> (artifact id: '654f36074ab4da12c2827c28b397478a') in 0.007139 seconds
  Import took 0.008955 seconds .

========================================================================
Received Import Request.
  Time since last request: 39.745774 seconds.
  path: Assets/Scripts/IShakeable.cs
  artifactKey: Guid(895c63a699c54af4a800c7c8560e6ae5) Importer(815301076,1909f56bfc062723c751e8b465ee728b)
Start importing Assets/Scripts/IShakeable.cs using Guid(895c63a699c54af4a800c7c8560e6ae5) Importer(815301076,1909f56bfc062723c751e8b465ee728b)  -> (artifact id: 'a4721ac0c12cb4153491d6a52882db9c') in 0.001867 seconds
  Import took 0.003840 seconds .

========================================================================
Received Prepare
Registering precompiled user dll's ...
Registered in 0.004781 seconds.
Begin MonoManager ReloadAssembly
Native extension for WindowsStandalone target not found
Refreshing native plugins compatible for Editor in 0.30 ms, found 2 plugins.
Preloading 0 native plugins for Editor in 0.00 ms.
Mono: successfully reloaded assembly
- Completed reload, in  0.702 seconds
Platform modules already initialized, skipping
Refreshing native plugins compatible for Editor in 0.31 ms, found 2 plugins.
Preloading 0 native plugins for Editor in 0.00 ms.
Unloading 1396 Unused Serialized files (Serialized files now loaded: 0)
System memory in use before: 68.3 MB.
System memory in use after: 68.4 MB.

Unloading 15 unused Assets to reduce memory usage. Loaded Objects now: 1899.
Total: 1.495900 ms (FindLiveObjects: 0.130700 ms CreateObjectMapping: 0.035500 ms MarkObjects: 1.315000 ms  DeleteObjects: 0.013800 ms)

========================================================================
Received Import Request.
  Time since last request: 3.199327 seconds.
  path: Assets/Scripts/IShakeable.cs
  artifactKey: Guid(895c63a699c54af4a800c7c8560e6ae5) Importer(815301076,1909f56bfc062723c751e8b465ee728b)
Start importing Assets/Scripts/IShakeable.cs using Guid(895c63a699c54af4a800c7c8560e6ae5) Importer(815301076,1909f56bfc062723c751e8b465ee728b)  -> (artifact id: '596257eddbf020f3e40c238b309aaf54') in 0.006045 seconds
  Import took 0.008339 seconds .

========================================================================
Received Prepare
Registering precompiled user dll's ...
Registered in 0.003331 seconds.
Begin MonoManager ReloadAssembly
Native extension for WindowsStandalone target not found
Refreshing native plugins compatible for Editor in 0.31 ms, found 2 plugins.
Preloading 0 native plugins for Editor in 0.00 ms.
Mono: successfully reloaded assembly
- Completed reload, in  0.716 seconds
Platform modules already initialized, skipping
Refreshing native plugins compatible for Editor in 0.23 ms, found 2 plugins.
Preloading 0 native plugins for Editor in 0.00 ms.
Unloading 1396 Unused Serialized files (Serialized files now loaded: 0)
System memory in use before: 68.3 MB.
System memory in use after: 68.4 MB.

Unloading 15 unused Assets to reduce memory usage. Loaded Objects now: 1902.
Total: 1.452900 ms (FindLiveObjects: 0.142000 ms CreateObjectMapping: 0.034200 ms MarkObjects: 1.262400 ms  DeleteObjects: 0.013500 ms)

========================================================================
Received Prepare
Registering precompiled user dll's ...
Registered in 0.003374 seconds.
Begin MonoManager ReloadAssembly
Native extension for WindowsStandalone target not found
Refreshing native plugins compatible for Editor in 0.30 ms, found 2 plugins.
Preloading 0 native plugins for Editor in 0.00 ms.
Mono: successfully reloaded assembly
- Completed reload, in  0.724 seconds
Platform modules already initialized, skipping
Refreshing native plugins compatible for Editor in 0.30 ms, found 2 plugins.
Preloading 0 native plugins for Editor in 0.00 ms.
Unloading 1396 Unused Serialized files (Serialized files now loaded: 0)
System memory in use before: 68.3 MB.
System memory in use after: 68.4 MB.

Unloading 15 unused Assets to reduce memory usage. Loaded Objects now: 1905.
Total: 1.567700 ms (FindLiveObjects: 0.136200 ms CreateObjectMapping: 0.038300 ms MarkObjects: 1.379100 ms  DeleteObjects: 0.013300 ms)

========================================================================
Received Import Request.
  Time since last request: 40.922338 seconds.
  path: Assets/Scripts/IMover.cs
  artifactKey: Guid(77eca54d49c45f54881c8cd8a9d98835) Importer(815301076,1909f56bfc062723c751e8b465ee728b)
Start importing Assets/Scripts/IMover.cs using Guid(77eca54d49c45f54881c8cd8a9d98835) Importer(815301076,1909f56bfc062723c751e8b465ee728b)  -> (artifact id: '80a8e776859f9c0bdfaba35c4a4edc52') in 0.007184 seconds
  Import took 0.009309 seconds .

========================================================================
Received Prepare
Registering precompiled user dll's ...
Registered in 0.003511 seconds.
Begin MonoManager ReloadAssembly
Native extension for WindowsStandalone target not found
Refreshing native plugins compatible for Editor in 0.33 ms, found 2 plugins.
Preloading 0 native plugins for Editor in 0.00 ms.
Mono: successfully reloaded assembly
- Completed reload, in  0.708 seconds
Platform modules already initialized, skipping
Refreshing native plugins compatible for Editor in 0.30 ms, found 2 plugins.
Preloading 0 native plugins for Editor in 0.00 ms.
Unloading 1397 Unused Serialized files (Serialized files now loaded: 0)
System memory in use before: 68.3 MB.
System memory in use after: 68.4 MB.

Unloading 15 unused Assets to reduce memory usage. Loaded Objects now: 1909.
Total: 1.458700 ms (FindLiveObjects: 0.145700 ms CreateObjectMapping: 0.036700 ms MarkObjects: 1.261600 ms  DeleteObjects: 0.013900 ms)

========================================================================
Received Import Request.
  Time since last request: 27.269838 seconds.
  path: Assets/Scripts/IMover.cs
  artifactKey: Guid(77eca54d49c45f54881c8cd8a9d98835) Importer(815301076,1909f56bfc062723c751e8b465ee728b)
Start importing Assets/Scripts/IMover.cs using Guid(77eca54d49c45f54881c8cd8a9d98835) Importer(815301076,1909f56bfc062723c751e8b465ee728b)  -> (artifact id: '53a43b4c90bae59b07b4662730e7f300') in 0.005639 seconds
  Import took 0.007702 seconds .

========================================================================
Received Import Request.
  Time since last request: 0.050514 seconds.
  path: Assets/Scripts/IMover.cs
  artifactKey: Guid(77eca54d49c45f54881c8cd8a9d98835) Importer(815301076,1909f56bfc062723c751e8b465ee728b)
Start importing Assets/Scripts/IMover.cs using Guid(77eca54d49c45f54881c8cd8a9d98835) Importer(815301076,1909f56bfc062723c751e8b465ee728b)  -> (artifact id: '53a43b4c90bae59b07b4662730e7f300') in 0.002019 seconds
  Import took 0.004213 seconds .

========================================================================
Received Prepare
Registering precompiled user dll's ...
Registered in 0.003299 seconds.
Begin MonoManager ReloadAssembly
Native extension for WindowsStandalone target not found
Refreshing native plugins compatible for Editor in 0.30 ms, found 2 plugins.
Preloading 0 native plugins for Editor in 0.00 ms.
Mono: successfully reloaded assembly
- Completed reload, in  0.701 seconds
Platform modules already initialized, skipping
Refreshing native plugins compatible for Editor in 0.29 ms, found 2 plugins.
Preloading 0 native plugins for Editor in 0.00 ms.
Unloading 1397 Unused Serialized files (Serialized files now loaded: 0)
System memory in use before: 68.3 MB.
System memory in use after: 68.4 MB.

Unloading 15 unused Assets to reduce memory usage. Loaded Objects now: 1912.
Total: 1.450200 ms (FindLiveObjects: 0.124100 ms CreateObjectMapping: 0.030500 ms MarkObjects: 1.281100 ms  DeleteObjects: 0.013700 ms)

========================================================================
Received Import Request.
  Time since last request: 19.641690 seconds.
  path: Assets/Scripts/RotationalMover.cs
  artifactKey: Guid(88ac10dd24e5b2541ad698adf076d7a6) Importer(815301076,1909f56bfc062723c751e8b465ee728b)
Start importing Assets/Scripts/RotationalMover.cs using Guid(88ac10dd24e5b2541ad698adf076d7a6) Importer(815301076,1909f56bfc062723c751e8b465ee728b)  -> (artifact id: '299057aa2cfb782f15d0bbaefae03bbc') in 0.008623 seconds
  Import took 0.010764 seconds .

========================================================================
Received Prepare
Registering precompiled user dll's ...
Registered in 0.003282 seconds.
Begin MonoManager ReloadAssembly
Native extension for WindowsStandalone target not found
Refreshing native plugins compatible for Editor in 0.34 ms, found 2 plugins.
Preloading 0 native plugins for Editor in 0.00 ms.
Mono: successfully reloaded assembly
- Completed reload, in  0.699 seconds
Platform modules already initialized, skipping
Refreshing native plugins compatible for Editor in 0.29 ms, found 2 plugins.
Preloading 0 native plugins for Editor in 0.00 ms.
Unloading 1398 Unused Serialized files (Serialized files now loaded: 0)
System memory in use before: 68.4 MB.
System memory in use after: 68.5 MB.

Unloading 15 unused Assets to reduce memory usage. Loaded Objects now: 1916.
Total: 1.460700 ms (FindLiveObjects: 0.134400 ms CreateObjectMapping: 0.035200 ms MarkObjects: 1.276800 ms  DeleteObjects: 0.013500 ms)

========================================================================
Received Import Request.
  Time since last request: 24.569135 seconds.
  path: Assets/Scripts/RotationalMover.cs
  artifactKey: Guid(88ac10dd24e5b2541ad698adf076d7a6) Importer(815301076,1909f56bfc062723c751e8b465ee728b)
Start importing Assets/Scripts/RotationalMover.cs using Guid(88ac10dd24e5b2541ad698adf076d7a6) Importer(815301076,1909f56bfc062723c751e8b465ee728b)  -> (artifact id: 'c40d5174a4b579da947849099ffbdf86') in 0.005701 seconds
  Import took 0.007770 seconds .

========================================================================
Received Prepare
Registering precompiled user dll's ...
Registered in 0.003413 seconds.
Begin MonoManager ReloadAssembly
Native extension for WindowsStandalone target not found
Refreshing native plugins compatible for Editor in 0.30 ms, found 2 plugins.
Preloading 0 native plugins for Editor in 0.00 ms.
Mono: successfully reloaded assembly
- Completed reload, in  0.684 seconds
Platform modules already initialized, skipping
Refreshing native plugins compatible for Editor in 0.29 ms, found 2 plugins.
Preloading 0 native plugins for Editor in 0.00 ms.
Unloading 1398 Unused Serialized files (Serialized files now loaded: 0)
System memory in use before: 68.4 MB.
System memory in use after: 68.5 MB.

Unloading 15 unused Assets to reduce memory usage. Loaded Objects now: 1919.
Total: 1.449500 ms (FindLiveObjects: 0.132400 ms CreateObjectMapping: 0.030600 ms MarkObjects: 1.271800 ms  DeleteObjects: 0.013800 ms)

========================================================================
Received Import Request.
  Time since last request: 82.406755 seconds.
  path: Assets/Scripts/RotationalMover.cs
  artifactKey: Guid(88ac10dd24e5b2541ad698adf076d7a6) Importer(815301076,1909f56bfc062723c751e8b465ee728b)
Start importing Assets/Scripts/RotationalMover.cs using Guid(88ac10dd24e5b2541ad698adf076d7a6) Importer(815301076,1909f56bfc062723c751e8b465ee728b)  -> (artifact id: '7abfc6238addd8a83e1c9bcccd756b4b') in 0.005924 seconds
  Import took 0.008069 seconds .

========================================================================
Received Import Request.
  Time since last request: 136.219617 seconds.
  path: Assets/Scripts/RotationalMover.cs
  artifactKey: Guid(88ac10dd24e5b2541ad698adf076d7a6) Importer(815301076,1909f56bfc062723c751e8b465ee728b)
Start importing Assets/Scripts/RotationalMover.cs using Guid(88ac10dd24e5b2541ad698adf076d7a6) Importer(815301076,1909f56bfc062723c751e8b465ee728b)  -> (artifact id: '1ddc7472b5dd104b15169bceb935efc0') in 0.001976 seconds
  Import took 0.004021 seconds .

========================================================================
Received Prepare
Registering precompiled user dll's ...
Registered in 0.003248 seconds.
Begin MonoManager ReloadAssembly
Native extension for WindowsStandalone target not found
Refreshing native plugins compatible for Editor in 0.30 ms, found 2 plugins.
Preloading 0 native plugins for Editor in 0.00 ms.
Mono: successfully reloaded assembly
- Completed reload, in  0.696 seconds
Platform modules already initialized, skipping
Refreshing native plugins compatible for Editor in 0.30 ms, found 2 plugins.
Preloading 0 native plugins for Editor in 0.00 ms.
Unloading 1398 Unused Serialized files (Serialized files now loaded: 0)
System memory in use before: 68.4 MB.
System memory in use after: 68.5 MB.

Unloading 15 unused Assets to reduce memory usage. Loaded Objects now: 1922.
Total: 1.553800 ms (FindLiveObjects: 0.135000 ms CreateObjectMapping: 0.030600 ms MarkObjects: 1.373100 ms  DeleteObjects: 0.014200 ms)

========================================================================
Received Import Request.
  Time since last request: 71.753856 seconds.
  path: Assets/Scripts/RotationalMover.cs
  artifactKey: Guid(88ac10dd24e5b2541ad698adf076d7a6) Importer(815301076,1909f56bfc062723c751e8b465ee728b)
Start importing Assets/Scripts/RotationalMover.cs using Guid(88ac10dd24e5b2541ad698adf076d7a6) Importer(815301076,1909f56bfc062723c751e8b465ee728b)  -> (artifact id: 'aeffb98a9dddebcda4440e4b5ba25c21') in 0.004712 seconds
  Import took 0.006875 seconds .

========================================================================
Received Prepare
Registering precompiled user dll's ...
Registered in 0.003237 seconds.
Begin MonoManager ReloadAssembly
Native extension for WindowsStandalone target not found
Refreshing native plugins compatible for Editor in 0.31 ms, found 2 plugins.
Preloading 0 native plugins for Editor in 0.00 ms.
Mono: successfully reloaded assembly
- Completed reload, in  0.706 seconds
Platform modules already initialized, skipping
Refreshing native plugins compatible for Editor in 0.29 ms, found 2 plugins.
Preloading 0 native plugins for Editor in 0.00 ms.
Unloading 1398 Unused Serialized files (Serialized files now loaded: 0)
System memory in use before: 68.4 MB.
System memory in use after: 68.5 MB.

Unloading 15 unused Assets to reduce memory usage. Loaded Objects now: 1925.
Total: 1.569200 ms (FindLiveObjects: 0.135200 ms CreateObjectMapping: 0.035900 ms MarkObjects: 1.384100 ms  DeleteObjects: 0.013200 ms)

========================================================================
Received Prepare
Registering precompiled user dll's ...
Registered in 0.003138 seconds.
Begin MonoManager ReloadAssembly
Native extension for WindowsStandalone target not found
Refreshing native plugins compatible for Editor in 0.31 ms, found 2 plugins.
Preloading 0 native plugins for Editor in 0.00 ms.
Mono: successfully reloaded assembly
- Completed reload, in  0.688 seconds
Platform modules already initialized, skipping
Refreshing native plugins compatible for Editor in 0.29 ms, found 2 plugins.
Preloading 0 native plugins for Editor in 0.00 ms.
Unloading 1398 Unused Serialized files (Serialized files now loaded: 0)
System memory in use before: 68.4 MB.
System memory in use after: 68.5 MB.

Unloading 15 unused Assets to reduce memory usage. Loaded Objects now: 1928.
Total: 1.539200 ms (FindLiveObjects: 0.133300 ms CreateObjectMapping: 0.036000 ms MarkObjects: 1.354300 ms  DeleteObjects: 0.014800 ms)

========================================================================
Received Prepare
Registering precompiled user dll's ...
Registered in 0.003314 seconds.
Begin MonoManager ReloadAssembly
Native extension for WindowsStandalone target not found
Refreshing native plugins compatible for Editor in 0.33 ms, found 2 plugins.
Preloading 0 native plugins for Editor in 0.00 ms.
Mono: successfully reloaded assembly
- Completed reload, in  0.702 seconds
Platform modules already initialized, skipping
Refreshing native plugins compatible for Editor in 0.30 ms, found 2 plugins.
Preloading 0 native plugins for Editor in 0.00 ms.
Unloading 1398 Unused Serialized files (Serialized files now loaded: 0)
System memory in use before: 68.4 MB.
System memory in use after: 68.5 MB.

Unloading 15 unused Assets to reduce memory usage. Loaded Objects now: 1931.
Total: 1.631000 ms (FindLiveObjects: 0.159200 ms CreateObjectMapping: 0.028500 ms MarkObjects: 1.425500 ms  DeleteObjects: 0.016400 ms)

========================================================================
Received Import Request.
  Time since last request: 315.443189 seconds.
  path: Assets/Scripts/RotationalMover.cs
  artifactKey: Guid(88ac10dd24e5b2541ad698adf076d7a6) Importer(815301076,1909f56bfc062723c751e8b465ee728b)
Start importing Assets/Scripts/RotationalMover.cs using Guid(88ac10dd24e5b2541ad698adf076d7a6) Importer(815301076,1909f56bfc062723c751e8b465ee728b)  -> (artifact id: '585e8e7b1c3fb2ca2242443ee8adeace') in 0.005646 seconds
  Import took 0.007849 seconds .

========================================================================
Received Import Request.
  Time since last request: 0.000271 seconds.
  path: Assets/Scripts/RotationalMover.cs
  artifactKey: Guid(88ac10dd24e5b2541ad698adf076d7a6) Importer(815301076,1909f56bfc062723c751e8b465ee728b)
Start importing Assets/Scripts/RotationalMover.cs using Guid(88ac10dd24e5b2541ad698adf076d7a6) Importer(815301076,1909f56bfc062723c751e8b465ee728b)  -> (artifact id: '585e8e7b1c3fb2ca2242443ee8adeace') in 0.002181 seconds
  Import took 0.004108 seconds .

========================================================================
Received Import Request.
  Time since last request: 6.833772 seconds.
  path: Assets/Scripts/RotationalMover.cs
  artifactKey: Guid(88ac10dd24e5b2541ad698adf076d7a6) Importer(815301076,1909f56bfc062723c751e8b465ee728b)
Start importing Assets/Scripts/RotationalMover.cs using Guid(88ac10dd24e5b2541ad698adf076d7a6) Importer(815301076,1909f56bfc062723c751e8b465ee728b)  -> (artifact id: '652c46bbebf604ea0e5ebca0e5f16d08') in 0.001961 seconds
  Import took 0.004033 seconds .

========================================================================
Received Prepare
Registering precompiled user dll's ...
Registered in 0.003307 seconds.
Begin MonoManager ReloadAssembly
Native extension for WindowsStandalone target not found
Refreshing native plugins compatible for Editor in 0.30 ms, found 2 plugins.
Preloading 0 native plugins for Editor in 0.00 ms.
Mono: successfully reloaded assembly
- Completed reload, in  0.698 seconds
Platform modules already initialized, skipping
Refreshing native plugins compatible for Editor in 0.31 ms, found 2 plugins.
Preloading 0 native plugins for Editor in 0.00 ms.
Unloading 1398 Unused Serialized files (Serialized files now loaded: 0)
System memory in use before: 68.4 MB.
System memory in use after: 68.5 MB.

Unloading 15 unused Assets to reduce memory usage. Loaded Objects now: 1934.
Total: 1.755200 ms (FindLiveObjects: 0.163300 ms CreateObjectMapping: 0.033300 ms MarkObjects: 1.540700 ms  DeleteObjects: 0.016800 ms)

========================================================================
Received Import Request.
  Time since last request: 43.285131 seconds.
  path: Assets/Scripts/RotationalMover.cs
  artifactKey: Guid(88ac10dd24e5b2541ad698adf076d7a6) Importer(815301076,1909f56bfc062723c751e8b465ee728b)
Start importing Assets/Scripts/RotationalMover.cs using Guid(88ac10dd24e5b2541ad698adf076d7a6) Importer(815301076,1909f56bfc062723c751e8b465ee728b)  -> (artifact id: '24f7aed5781d2c6a634b4325bd46a9c1') in 0.005584 seconds
  Import took 0.007649 seconds .

========================================================================
Received Prepare
Registering precompiled user dll's ...
Registered in 0.003510 seconds.
Begin MonoManager ReloadAssembly
Native extension for WindowsStandalone target not found
Refreshing native plugins compatible for Editor in 0.32 ms, found 2 plugins.
Preloading 0 native plugins for Editor in 0.00 ms.
Mono: successfully reloaded assembly
- Completed reload, in  0.700 seconds
Platform modules already initialized, skipping
Refreshing native plugins compatible for Editor in 0.21 ms, found 2 plugins.
Preloading 0 native plugins for Editor in 0.00 ms.
Unloading 1398 Unused Serialized files (Serialized files now loaded: 0)
System memory in use before: 68.4 MB.
System memory in use after: 68.5 MB.

Unloading 15 unused Assets to reduce memory usage. Loaded Objects now: 1937.
Total: 1.561400 ms (FindLiveObjects: 0.192200 ms CreateObjectMapping: 0.060800 ms MarkObjects: 1.292700 ms  DeleteObjects: 0.015000 ms)

========================================================================
Received Prepare
Registering precompiled user dll's ...
Registered in 0.003471 seconds.
Begin MonoManager ReloadAssembly
Native extension for WindowsStandalone target not found
Refreshing native plugins compatible for Editor in 0.30 ms, found 2 plugins.
Preloading 0 native plugins for Editor in 0.00 ms.
Mono: successfully reloaded assembly
- Completed reload, in  0.712 seconds
Platform modules already initialized, skipping
Refreshing native plugins compatible for Editor in 0.39 ms, found 2 plugins.
Preloading 0 native plugins for Editor in 0.00 ms.
Unloading 1398 Unused Serialized files (Serialized files now loaded: 0)
System memory in use before: 68.4 MB.
System memory in use after: 68.5 MB.

Unloading 15 unused Assets to reduce memory usage. Loaded Objects now: 1940.
Total: 1.760200 ms (FindLiveObjects: 0.170100 ms CreateObjectMapping: 0.029100 ms MarkObjects: 1.544000 ms  DeleteObjects: 0.015900 ms)

========================================================================
Received Prepare
Registering precompiled user dll's ...
Registered in 0.003281 seconds.
Begin MonoManager ReloadAssembly
Native extension for WindowsStandalone target not found
Refreshing native plugins compatible for Editor in 0.30 ms, found 2 plugins.
Preloading 0 native plugins for Editor in 0.00 ms.
Mono: successfully reloaded assembly
- Completed reload, in  0.696 seconds
Platform modules already initialized, skipping
Refreshing native plugins compatible for Editor in 0.24 ms, found 2 plugins.
Preloading 0 native plugins for Editor in 0.00 ms.
Unloading 1398 Unused Serialized files (Serialized files now loaded: 0)
System memory in use before: 68.4 MB.
System memory in use after: 68.5 MB.

Unloading 15 unused Assets to reduce memory usage. Loaded Objects now: 1943.
Total: 1.717700 ms (FindLiveObjects: 0.180700 ms CreateObjectMapping: 0.033200 ms MarkObjects: 1.483300 ms  DeleteObjects: 0.019400 ms)

========================================================================
Received Import Request.
  Time since last request: 161.951099 seconds.
  path: Assets/Scripts/RotationalMover.cs
  artifactKey: Guid(88ac10dd24e5b2541ad698adf076d7a6) Importer(815301076,1909f56bfc062723c751e8b465ee728b)
Start importing Assets/Scripts/RotationalMover.cs using Guid(88ac10dd24e5b2541ad698adf076d7a6) Importer(815301076,1909f56bfc062723c751e8b465ee728b)  -> (artifact id: '36f8a82956b943db0e4f7447e22940a5') in 0.004055 seconds
  Import took 0.006105 seconds .

========================================================================
Received Prepare
Registering precompiled user dll's ...
Registered in 0.003215 seconds.
Begin MonoManager ReloadAssembly
Native extension for WindowsStandalone target not found
Refreshing native plugins compatible for Editor in 0.30 ms, found 2 plugins.
Preloading 0 native plugins for Editor in 0.00 ms.
Mono: successfully reloaded assembly
- Completed reload, in  0.693 seconds
Platform modules already initialized, skipping
Refreshing native plugins compatible for Editor in 0.29 ms, found 2 plugins.
Preloading 0 native plugins for Editor in 0.00 ms.
Unloading 1398 Unused Serialized files (Serialized files now loaded: 0)
System memory in use before: 68.4 MB.
System memory in use after: 68.5 MB.

Unloading 15 unused Assets to reduce memory usage. Loaded Objects now: 1946.
Total: 1.723200 ms (FindLiveObjects: 0.163600 ms CreateObjectMapping: 0.031000 ms MarkObjects: 1.504700 ms  DeleteObjects: 0.022700 ms)

========================================================================
Received Prepare
Registering precompiled user dll's ...
Registered in 0.003163 seconds.
Begin MonoManager ReloadAssembly
Native extension for WindowsStandalone target not found
Refreshing native plugins compatible for Editor in 0.30 ms, found 2 plugins.
Preloading 0 native plugins for Editor in 0.00 ms.
Mono: successfully reloaded assembly
- Completed reload, in  0.695 seconds
Platform modules already initialized, skipping
Refreshing native plugins compatible for Editor in 0.30 ms, found 2 plugins.
Preloading 0 native plugins for Editor in 0.00 ms.
Unloading 1398 Unused Serialized files (Serialized files now loaded: 0)
System memory in use before: 68.4 MB.
System memory in use after: 68.5 MB.

Unloading 15 unused Assets to reduce memory usage. Loaded Objects now: 1949.
Total: 1.737000 ms (FindLiveObjects: 0.162100 ms CreateObjectMapping: 0.033700 ms MarkObjects: 1.523700 ms  DeleteObjects: 0.016400 ms)

========================================================================
Received Prepare
Registering precompiled user dll's ...
Registered in 0.003287 seconds.
Begin MonoManager ReloadAssembly
Native extension for WindowsStandalone target not found
Refreshing native plugins compatible for Editor in 0.30 ms, found 2 plugins.
Preloading 0 native plugins for Editor in 0.00 ms.
Mono: successfully reloaded assembly
- Completed reload, in  0.695 seconds
Platform modules already initialized, skipping
Refreshing native plugins compatible for Editor in 0.29 ms, found 2 plugins.
Preloading 0 native plugins for Editor in 0.00 ms.
Unloading 1398 Unused Serialized files (Serialized files now loaded: 0)
System memory in use before: 68.4 MB.
System memory in use after: 68.5 MB.

Unloading 15 unused Assets to reduce memory usage. Loaded Objects now: 1952.
Total: 1.663700 ms (FindLiveObjects: 0.216500 ms CreateObjectMapping: 0.070100 ms MarkObjects: 1.361700 ms  DeleteObjects: 0.014700 ms)

========================================================================
Received Import Request.
  Time since last request: 68.775172 seconds.
  path: Assets/Scripts/ScaleShaker.cs
  artifactKey: Guid(2e569d695e925ec4084cb40b9b911835) Importer(815301076,1909f56bfc062723c751e8b465ee728b)
Start importing Assets/Scripts/ScaleShaker.cs using Guid(2e569d695e925ec4084cb40b9b911835) Importer(815301076,1909f56bfc062723c751e8b465ee728b)  -> (artifact id: '08247b12607042ac0cfb12358284bf66') in 0.010338 seconds
  Import took 0.012587 seconds .

========================================================================
Received Prepare
Registering precompiled user dll's ...
Registered in 0.003368 seconds.
Begin MonoManager ReloadAssembly
Native extension for WindowsStandalone target not found
Refreshing native plugins compatible for Editor in 0.30 ms, found 2 plugins.
Preloading 0 native plugins for Editor in 0.00 ms.
Mono: successfully reloaded assembly
- Completed reload, in  0.710 seconds
Platform modules already initialized, skipping
Refreshing native plugins compatible for Editor in 0.22 ms, found 2 plugins.
Preloading 0 native plugins for Editor in 0.00 ms.
Unloading 1399 Unused Serialized files (Serialized files now loaded: 0)
System memory in use before: 68.5 MB.
System memory in use after: 68.6 MB.

Unloading 15 unused Assets to reduce memory usage. Loaded Objects now: 1956.
Total: 1.658300 ms (FindLiveObjects: 0.137300 ms CreateObjectMapping: 0.032000 ms MarkObjects: 1.473700 ms  DeleteObjects: 0.014500 ms)

========================================================================
Received Import Request.
  Time since last request: 59.871415 seconds.
  path: Assets/Scripts/ScaleShaker.cs
  artifactKey: Guid(2e569d695e925ec4084cb40b9b911835) Importer(815301076,1909f56bfc062723c751e8b465ee728b)
Start importing Assets/Scripts/ScaleShaker.cs using Guid(2e569d695e925ec4084cb40b9b911835) Importer(815301076,1909f56bfc062723c751e8b465ee728b)  -> (artifact id: 'd23b2a5c497f6e48f620b1446e74a2be') in 0.004104 seconds
  Import took 0.006217 seconds .

========================================================================
Received Prepare
Registering precompiled user dll's ...
Registered in 0.003313 seconds.
Begin MonoManager ReloadAssembly
Native extension for WindowsStandalone target not found
Refreshing native plugins compatible for Editor in 0.31 ms, found 2 plugins.
Preloading 0 native plugins for Editor in 0.00 ms.
Mono: successfully reloaded assembly
- Completed reload, in  0.706 seconds
Platform modules already initialized, skipping
Refreshing native plugins compatible for Editor in 0.20 ms, found 2 plugins.
Preloading 0 native plugins for Editor in 0.00 ms.
Unloading 1399 Unused Serialized files (Serialized files now loaded: 0)
System memory in use before: 68.5 MB.
System memory in use after: 68.6 MB.

Unloading 15 unused Assets to reduce memory usage. Loaded Objects now: 1959.
Total: 1.709800 ms (FindLiveObjects: 0.132200 ms CreateObjectMapping: 0.028100 ms MarkObjects: 1.532400 ms  DeleteObjects: 0.016100 ms)

========================================================================
Received Import Request.
  Time since last request: 20.724773 seconds.
  path: Assets/Scripts/MoverBase.cs
  artifactKey: Guid(77eca54d49c45f54881c8cd8a9d98835) Importer(815301076,1909f56bfc062723c751e8b465ee728b)
Start importing Assets/Scripts/MoverBase.cs using Guid(77eca54d49c45f54881c8cd8a9d98835) Importer(815301076,1909f56bfc062723c751e8b465ee728b)  -> (artifact id: '0c4189aa328e05fd6ea01b427153db73') in 0.008873 seconds
  Import took 0.010948 seconds .

========================================================================
Received Import Request.
  Time since last request: 3.124595 seconds.
  path: Assets/Scripts/RotatableObject.cs
  artifactKey: Guid(b3e223bb3c97a39458211d85bb196454) Importer(815301076,1909f56bfc062723c751e8b465ee728b)
Start importing Assets/Scripts/RotatableObject.cs using Guid(b3e223bb3c97a39458211d85bb196454) Importer(815301076,1909f56bfc062723c751e8b465ee728b)  -> (artifact id: 'af1c25a43a034cff616eec4ba69e4bc6') in 0.004988 seconds
  Import took 0.007204 seconds .

========================================================================
Received Import Request.
  Time since last request: 0.017189 seconds.
  path: Assets/Scripts/RotatableObject.cs
  artifactKey: Guid(b3e223bb3c97a39458211d85bb196454) Importer(815301076,1909f56bfc062723c751e8b465ee728b)
Start importing Assets/Scripts/RotatableObject.cs using Guid(b3e223bb3c97a39458211d85bb196454) Importer(815301076,1909f56bfc062723c751e8b465ee728b)  -> (artifact id: 'af1c25a43a034cff616eec4ba69e4bc6') in 0.001837 seconds
  Import took 0.003650 seconds .

========================================================================
Received Import Request.
  Time since last request: 12.989389 seconds.
  path: Assets/Scripts/MovableObject.cs
  artifactKey: Guid(b3e223bb3c97a39458211d85bb196454) Importer(815301076,1909f56bfc062723c751e8b465ee728b)
Start importing Assets/Scripts/MovableObject.cs using Guid(b3e223bb3c97a39458211d85bb196454) Importer(815301076,1909f56bfc062723c751e8b465ee728b)  -> (artifact id: '09cc9fda85c0e2e5fbb156d53a8aff88') in 0.005646 seconds
  Import took 0.007741 seconds .

========================================================================
Received Prepare
Registering precompiled user dll's ...
Registered in 0.003169 seconds.
Begin MonoManager ReloadAssembly
Native extension for WindowsStandalone target not found
Refreshing native plugins compatible for Editor in 0.30 ms, found 2 plugins.
Preloading 0 native plugins for Editor in 0.00 ms.
Mono: successfully reloaded assembly
- Completed reload, in  0.712 seconds
Platform modules already initialized, skipping
Refreshing native plugins compatible for Editor in 0.29 ms, found 2 plugins.
Preloading 0 native plugins for Editor in 0.00 ms.
Unloading 1399 Unused Serialized files (Serialized files now loaded: 0)
System memory in use before: 68.5 MB.
System memory in use after: 68.6 MB.

Unloading 15 unused Assets to reduce memory usage. Loaded Objects now: 1962.
Total: 1.593700 ms (FindLiveObjects: 0.143000 ms CreateObjectMapping: 0.028400 ms MarkObjects: 1.406000 ms  DeleteObjects: 0.015400 ms)

========================================================================
Received Import Request.
  Time since last request: 65.374185 seconds.
  path: Assets/Scripts/MovableObject.cs
  artifactKey: Guid(b3e223bb3c97a39458211d85bb196454) Importer(815301076,1909f56bfc062723c751e8b465ee728b)
Start importing Assets/Scripts/MovableObject.cs using Guid(b3e223bb3c97a39458211d85bb196454) Importer(815301076,1909f56bfc062723c751e8b465ee728b)  -> (artifact id: '7885d49c8f09eec5d54a7940774cb05d') in 0.005447 seconds
  Import took 0.007591 seconds .

========================================================================
Received Import Request.
  Time since last request: 0.148937 seconds.
  path: Assets/Scripts/MovableObject.cs
  artifactKey: Guid(b3e223bb3c97a39458211d85bb196454) Importer(815301076,1909f56bfc062723c751e8b465ee728b)
Start importing Assets/Scripts/MovableObject.cs using Guid(b3e223bb3c97a39458211d85bb196454) Importer(815301076,1909f56bfc062723c751e8b465ee728b)  -> (artifact id: '7885d49c8f09eec5d54a7940774cb05d') in 0.002134 seconds
  Import took 0.004344 seconds .

========================================================================
Received Prepare
Registering precompiled user dll's ...
Registered in 0.003478 seconds.
Begin MonoManager ReloadAssembly
Native extension for WindowsStandalone target not found
Refreshing native plugins compatible for Editor in 0.30 ms, found 2 plugins.
Preloading 0 native plugins for Editor in 0.00 ms.
Mono: successfully reloaded assembly
- Completed reload, in  0.703 seconds
Platform modules already initialized, skipping
Refreshing native plugins compatible for Editor in 0.30 ms, found 2 plugins.
Preloading 0 native plugins for Editor in 0.00 ms.
Unloading 1399 Unused Serialized files (Serialized files now loaded: 0)
System memory in use before: 68.5 MB.
System memory in use after: 68.6 MB.

Unloading 15 unused Assets to reduce memory usage. Loaded Objects now: 1965.
Total: 1.504100 ms (FindLiveObjects: 0.165200 ms CreateObjectMapping: 0.030900 ms MarkObjects: 1.294200 ms  DeleteObjects: 0.012900 ms)

========================================================================
Received Import Request.
  Time since last request: 42.502007 seconds.
  path: Assets/Scripts/MovableObject.cs
  artifactKey: Guid(b3e223bb3c97a39458211d85bb196454) Importer(815301076,1909f56bfc062723c751e8b465ee728b)
Start importing Assets/Scripts/MovableObject.cs using Guid(b3e223bb3c97a39458211d85bb196454) Importer(815301076,1909f56bfc062723c751e8b465ee728b)  -> (artifact id: '5e08cc4e0c53b560d6270fadfd6a17cc') in 0.004107 seconds
  Import took 0.006198 seconds .

========================================================================
Received Import Request.
  Time since last request: 283.399693 seconds.
  path: Assets/Scripts/UserInput.cs
  artifactKey: Guid(e82dbecd95172494ca873d16f63789f5) Importer(815301076,1909f56bfc062723c751e8b465ee728b)
Start importing Assets/Scripts/UserInput.cs using Guid(e82dbecd95172494ca873d16f63789f5) Importer(815301076,1909f56bfc062723c751e8b465ee728b)  -> (artifact id: '2d881891ac5b7e34ddffcf89b6248e23') in 0.005730 seconds
  Import took 0.007840 seconds .

========================================================================
Received Import Request.
  Time since last request: 1.475886 seconds.
  path: Assets/Scripts/IShaker.cs
  artifactKey: Guid(895c63a699c54af4a800c7c8560e6ae5) Importer(815301076,1909f56bfc062723c751e8b465ee728b)
Start importing Assets/Scripts/IShaker.cs using Guid(895c63a699c54af4a800c7c8560e6ae5) Importer(815301076,1909f56bfc062723c751e8b465ee728b)  -> (artifact id: '8ba7cc74eec210a66c63179859772ba5') in 0.005569 seconds
  Import took 0.007724 seconds .

========================================================================
Received Import Request.
  Time since last request: 0.000286 seconds.
  path: Assets/Scripts/IShaker.cs
  artifactKey: Guid(895c63a699c54af4a800c7c8560e6ae5) Importer(815301076,1909f56bfc062723c751e8b465ee728b)
Start importing Assets/Scripts/IShaker.cs using Guid(895c63a699c54af4a800c7c8560e6ae5) Importer(815301076,1909f56bfc062723c751e8b465ee728b)  -> (artifact id: '8ba7cc74eec210a66c63179859772ba5') in 0.001749 seconds
  Import took 0.003796 seconds .

========================================================================
Received Import Request.
  Time since last request: 16.540073 seconds.
  path: Assets/Scripts/IShaker.cs
  artifactKey: Guid(895c63a699c54af4a800c7c8560e6ae5) Importer(815301076,1909f56bfc062723c751e8b465ee728b)
Start importing Assets/Scripts/IShaker.cs using Guid(895c63a699c54af4a800c7c8560e6ae5) Importer(815301076,1909f56bfc062723c751e8b465ee728b)  -> (artifact id: 'f59867c2594cb27eafcb5a2e4a967a54') in 0.001971 seconds
  Import took 0.004036 seconds .

========================================================================
Received Prepare
Registering precompiled user dll's ...
Registered in 0.003405 seconds.
Begin MonoManager ReloadAssembly
Native extension for WindowsStandalone target not found
Refreshing native plugins compatible for Editor in 0.31 ms, found 2 plugins.
Preloading 0 native plugins for Editor in 0.00 ms.
Mono: successfully reloaded assembly
- Completed reload, in  0.699 seconds
Platform modules already initialized, skipping
Refreshing native plugins compatible for Editor in 0.22 ms, found 2 plugins.
Preloading 0 native plugins for Editor in 0.00 ms.
Unloading 1399 Unused Serialized files (Serialized files now loaded: 0)
System memory in use before: 68.5 MB.
System memory in use after: 68.6 MB.

Unloading 15 unused Assets to reduce memory usage. Loaded Objects now: 1968.
Total: 1.577400 ms (FindLiveObjects: 0.153300 ms CreateObjectMapping: 0.033000 ms MarkObjects: 1.373000 ms  DeleteObjects: 0.017500 ms)

========================================================================
Received Prepare
Registering precompiled user dll's ...
Registered in 0.003290 seconds.
Begin MonoManager ReloadAssembly
Native extension for WindowsStandalone target not found
Refreshing native plugins compatible for Editor in 0.30 ms, found 2 plugins.
Preloading 0 native plugins for Editor in 0.00 ms.
Mono: successfully reloaded assembly
- Completed reload, in  0.710 seconds
Platform modules already initialized, skipping
Refreshing native plugins compatible for Editor in 0.21 ms, found 2 plugins.
Preloading 0 native plugins for Editor in 0.00 ms.
Unloading 1399 Unused Serialized files (Serialized files now loaded: 0)
System memory in use before: 68.5 MB.
System memory in use after: 68.6 MB.

Unloading 15 unused Assets to reduce memory usage. Loaded Objects now: 1971.
Total: 1.783100 ms (FindLiveObjects: 0.146900 ms CreateObjectMapping: 0.032700 ms MarkObjects: 1.586900 ms  DeleteObjects: 0.015600 ms)

========================================================================
Received Prepare
Registering precompiled user dll's ...
Registered in 0.003609 seconds.
Begin MonoManager ReloadAssembly
Native extension for WindowsStandalone target not found
Refreshing native plugins compatible for Editor in 0.36 ms, found 2 plugins.
Preloading 0 native plugins for Editor in 0.00 ms.
Mono: successfully reloaded assembly
- Completed reload, in  0.710 seconds
Platform modules already initialized, skipping
Refreshing native plugins compatible for Editor in 0.31 ms, found 2 plugins.
Preloading 0 native plugins for Editor in 0.00 ms.
Unloading 1399 Unused Serialized files (Serialized files now loaded: 0)
System memory in use before: 68.5 MB.
System memory in use after: 68.6 MB.

Unloading 15 unused Assets to reduce memory usage. Loaded Objects now: 1974.
Total: 1.511100 ms (FindLiveObjects: 0.136000 ms CreateObjectMapping: 0.031500 ms MarkObjects: 1.328200 ms  DeleteObjects: 0.014600 ms)

========================================================================
Received Prepare
Registering precompiled user dll's ...
Registered in 0.003398 seconds.
Begin MonoManager ReloadAssembly
Native extension for WindowsStandalone target not found
Refreshing native plugins compatible for Editor in 0.37 ms, found 2 plugins.
Preloading 0 native plugins for Editor in 0.00 ms.
Mono: successfully reloaded assembly
- Completed reload, in  0.709 seconds
Platform modules already initialized, skipping
Refreshing native plugins compatible for Editor in 0.30 ms, found 2 plugins.
Preloading 0 native plugins for Editor in 0.00 ms.
Unloading 1399 Unused Serialized files (Serialized files now loaded: 0)
System memory in use before: 68.5 MB.
System memory in use after: 68.6 MB.

Unloading 15 unused Assets to reduce memory usage. Loaded Objects now: 1977.
Total: 1.830900 ms (FindLiveObjects: 0.166900 ms CreateObjectMapping: 0.037500 ms MarkObjects: 1.609000 ms  DeleteObjects: 0.016400 ms)

========================================================================
Received Prepare
Registering precompiled user dll's ...
Registered in 0.003263 seconds.
Begin MonoManager ReloadAssembly
Native extension for WindowsStandalone target not found
Refreshing native plugins compatible for Editor in 0.31 ms, found 2 plugins.
Preloading 0 native plugins for Editor in 0.00 ms.
Mono: successfully reloaded assembly
- Completed reload, in  0.717 seconds
Platform modules already initialized, skipping
Refreshing native plugins compatible for Editor in 0.32 ms, found 2 plugins.
Preloading 0 native plugins for Editor in 0.00 ms.
Unloading 1399 Unused Serialized files (Serialized files now loaded: 0)
System memory in use before: 68.5 MB.
System memory in use after: 68.6 MB.

Unloading 15 unused Assets to reduce memory usage. Loaded Objects now: 1980.
Total: 1.786100 ms (FindLiveObjects: 0.164700 ms CreateObjectMapping: 0.030900 ms MarkObjects: 1.573200 ms  DeleteObjects: 0.016300 ms)

========================================================================
Received Prepare
Registering precompiled user dll's ...
Registered in 0.003289 seconds.
Begin MonoManager ReloadAssembly
Native extension for WindowsStandalone target not found
Refreshing native plugins compatible for Editor in 0.31 ms, found 2 plugins.
Preloading 0 native plugins for Editor in 0.00 ms.
Mono: successfully reloaded assembly
- Completed reload, in  0.711 seconds
Platform modules already initialized, skipping
Refreshing native plugins compatible for Editor in 0.35 ms, found 2 plugins.
Preloading 0 native plugins for Editor in 0.00 ms.
Unloading 1399 Unused Serialized files (Serialized files now loaded: 0)
System memory in use before: 68.5 MB.
System memory in use after: 68.6 MB.

Unloading 15 unused Assets to reduce memory usage. Loaded Objects now: 1983.
Total: 2.019000 ms (FindLiveObjects: 0.229100 ms CreateObjectMapping: 0.037000 ms MarkObjects: 1.729200 ms  DeleteObjects: 0.021700 ms)

========================================================================
Received Prepare
Registering precompiled user dll's ...
Registered in 0.003294 seconds.
Begin MonoManager ReloadAssembly
Native extension for WindowsStandalone target not found
Refreshing native plugins compatible for Editor in 0.31 ms, found 2 plugins.
Preloading 0 native plugins for Editor in 0.00 ms.
Mono: successfully reloaded assembly
- Completed reload, in  0.700 seconds
Platform modules already initialized, skipping
Refreshing native plugins compatible for Editor in 0.30 ms, found 2 plugins.
Preloading 0 native plugins for Editor in 0.00 ms.
Unloading 1399 Unused Serialized files (Serialized files now loaded: 0)
System memory in use before: 68.5 MB.
System memory in use after: 68.6 MB.

Unloading 15 unused Assets to reduce memory usage. Loaded Objects now: 1986.
Total: 1.562500 ms (FindLiveObjects: 0.149200 ms CreateObjectMapping: 0.037200 ms MarkObjects: 1.361200 ms  DeleteObjects: 0.013700 ms)

========================================================================
Received Prepare
Registering precompiled user dll's ...
Registered in 0.003138 seconds.
Begin MonoManager ReloadAssembly
Native extension for WindowsStandalone target not found
Refreshing native plugins compatible for Editor in 0.33 ms, found 2 plugins.
Preloading 0 native plugins for Editor in 0.00 ms.
Mono: successfully reloaded assembly
- Completed reload, in  0.687 seconds
Platform modules already initialized, skipping
Refreshing native plugins compatible for Editor in 0.40 ms, found 2 plugins.
Preloading 0 native plugins for Editor in 0.00 ms.
Unloading 1399 Unused Serialized files (Serialized files now loaded: 0)
System memory in use before: 68.5 MB.
System memory in use after: 68.6 MB.

Unloading 15 unused Assets to reduce memory usage. Loaded Objects now: 1989.
Total: 1.744900 ms (FindLiveObjects: 0.222300 ms CreateObjectMapping: 0.031200 ms MarkObjects: 1.470300 ms  DeleteObjects: 0.018900 ms)

========================================================================
Received Import Request.
  Time since last request: 1631.019687 seconds.
  path: Assets/Scripts/ScaleShaker.cs
  artifactKey: Guid(2e569d695e925ec4084cb40b9b911835) Importer(815301076,1909f56bfc062723c751e8b465ee728b)
Start importing Assets/Scripts/ScaleShaker.cs using Guid(2e569d695e925ec4084cb40b9b911835) Importer(815301076,1909f56bfc062723c751e8b465ee728b)  -> (artifact id: 'd24b12f66f709e6f769e23a74095d7d2') in 0.007291 seconds
  Import took 0.009518 seconds .

========================================================================
Received Import Request.
  Time since last request: 0.000506 seconds.
  path: Assets/Scripts/ScaleShaker.cs
  artifactKey: Guid(2e569d695e925ec4084cb40b9b911835) Importer(815301076,1909f56bfc062723c751e8b465ee728b)
Start importing Assets/Scripts/ScaleShaker.cs using Guid(2e569d695e925ec4084cb40b9b911835) Importer(815301076,1909f56bfc062723c751e8b465ee728b)  -> (artifact id: 'd24b12f66f709e6f769e23a74095d7d2') in 0.001891 seconds
  Import took 0.003786 seconds .

========================================================================
Received Prepare
Registering precompiled user dll's ...
Registered in 0.004298 seconds.
Begin MonoManager ReloadAssembly
Native extension for WindowsStandalone target not found
Refreshing native plugins compatible for Editor in 0.32 ms, found 2 plugins.
Preloading 0 native plugins for Editor in 0.00 ms.
Mono: successfully reloaded assembly
- Completed reload, in  0.717 seconds
Platform modules already initialized, skipping
Refreshing native plugins compatible for Editor in 0.32 ms, found 2 plugins.
Preloading 0 native plugins for Editor in 0.00 ms.
Unloading 1399 Unused Serialized files (Serialized files now loaded: 0)
System memory in use before: 68.5 MB.
System memory in use after: 68.6 MB.

Unloading 15 unused Assets to reduce memory usage. Loaded Objects now: 1992.
Total: 1.585400 ms (FindLiveObjects: 0.174100 ms CreateObjectMapping: 0.034000 ms MarkObjects: 1.362400 ms  DeleteObjects: 0.013600 ms)

========================================================================
Received Prepare
Registering precompiled user dll's ...
Registered in 0.003180 seconds.
Begin MonoManager ReloadAssembly
Native extension for WindowsStandalone target not found
Refreshing native plugins compatible for Editor in 0.46 ms, found 2 plugins.
Preloading 0 native plugins for Editor in 0.00 ms.
Mono: successfully reloaded assembly
- Completed reload, in  0.738 seconds
Platform modules already initialized, skipping
Refreshing native plugins compatible for Editor in 0.30 ms, found 2 plugins.
Preloading 0 native plugins for Editor in 0.00 ms.
Unloading 1399 Unused Serialized files (Serialized files now loaded: 0)
System memory in use before: 68.5 MB.
System memory in use after: 68.6 MB.

Unloading 15 unused Assets to reduce memory usage. Loaded Objects now: 1995.
Total: 1.683200 ms (FindLiveObjects: 0.191800 ms CreateObjectMapping: 0.031000 ms MarkObjects: 1.443000 ms  DeleteObjects: 0.016400 ms)

========================================================================
Received Prepare
Registering precompiled user dll's ...
Registered in 0.003796 seconds.
Begin MonoManager ReloadAssembly
Native extension for WindowsStandalone target not found
Refreshing native plugins compatible for Editor in 0.38 ms, found 2 plugins.
Preloading 0 native plugins for Editor in 0.00 ms.
Mono: successfully reloaded assembly
- Completed reload, in  0.722 seconds
Platform modules already initialized, skipping
Refreshing native plugins compatible for Editor in 0.30 ms, found 2 plugins.
Preloading 0 native plugins for Editor in 0.00 ms.
Unloading 1399 Unused Serialized files (Serialized files now loaded: 0)
System memory in use before: 68.5 MB.
System memory in use after: 68.6 MB.

Unloading 15 unused Assets to reduce memory usage. Loaded Objects now: 1998.
Total: 1.555200 ms (FindLiveObjects: 0.160400 ms CreateObjectMapping: 0.034300 ms MarkObjects: 1.342600 ms  DeleteObjects: 0.017200 ms)

========================================================================
Received Prepare
Registering precompiled user dll's ...
Registered in 0.003324 seconds.
Begin MonoManager ReloadAssembly
Native extension for WindowsStandalone target not found
Refreshing native plugins compatible for Editor in 0.30 ms, found 2 plugins.
Preloading 0 native plugins for Editor in 0.00 ms.
Mono: successfully reloaded assembly
- Completed reload, in  0.698 seconds
Platform modules already initialized, skipping
Refreshing native plugins compatible for Editor in 0.29 ms, found 2 plugins.
Preloading 0 native plugins for Editor in 0.00 ms.
Unloading 1399 Unused Serialized files (Serialized files now loaded: 0)
System memory in use before: 68.6 MB.
System memory in use after: 68.7 MB.

Unloading 15 unused Assets to reduce memory usage. Loaded Objects now: 2001.
Total: 1.835800 ms (FindLiveObjects: 0.166500 ms CreateObjectMapping: 0.036300 ms MarkObjects: 1.607900 ms  DeleteObjects: 0.023700 ms)

========================================================================
Received Prepare
Registering precompiled user dll's ...
Registered in 0.003456 seconds.
Begin MonoManager ReloadAssembly
Native extension for WindowsStandalone target not found
Refreshing native plugins compatible for Editor in 0.30 ms, found 2 plugins.
Preloading 0 native plugins for Editor in 0.00 ms.
Mono: successfully reloaded assembly
- Completed reload, in  0.688 seconds
Platform modules already initialized, skipping
Refreshing native plugins compatible for Editor in 0.30 ms, found 2 plugins.
Preloading 0 native plugins for Editor in 0.00 ms.
Unloading 1399 Unused Serialized files (Serialized files now loaded: 0)
System memory in use before: 68.6 MB.
System memory in use after: 68.7 MB.

Unloading 15 unused Assets to reduce memory usage. Loaded Objects now: 2004.
Total: 1.789100 ms (FindLiveObjects: 0.166200 ms CreateObjectMapping: 0.036600 ms MarkObjects: 1.568700 ms  DeleteObjects: 0.016700 ms)

========================================================================
Received Prepare
Registering precompiled user dll's ...
Registered in 0.003259 seconds.
Begin MonoManager ReloadAssembly
Native extension for WindowsStandalone target not found
Refreshing native plugins compatible for Editor in 0.35 ms, found 2 plugins.
Preloading 0 native plugins for Editor in 0.00 ms.
Mono: successfully reloaded assembly
- Completed reload, in  0.733 seconds
Platform modules already initialized, skipping
Refreshing native plugins compatible for Editor in 0.29 ms, found 2 plugins.
Preloading 0 native plugins for Editor in 0.00 ms.
Unloading 1399 Unused Serialized files (Serialized files now loaded: 0)
System memory in use before: 68.6 MB.
System memory in use after: 68.7 MB.

Unloading 15 unused Assets to reduce memory usage. Loaded Objects now: 2007.
Total: 1.501200 ms (FindLiveObjects: 0.137200 ms CreateObjectMapping: 0.032400 ms MarkObjects: 1.317400 ms  DeleteObjects: 0.013400 ms)

========================================================================
Received Prepare
Registering precompiled user dll's ...
Registered in 0.003217 seconds.
Begin MonoManager ReloadAssembly
Native extension for WindowsStandalone target not found
Refreshing native plugins compatible for Editor in 0.30 ms, found 2 plugins.
Preloading 0 native plugins for Editor in 0.00 ms.
Mono: successfully reloaded assembly
- Completed reload, in  0.702 seconds
Platform modules already initialized, skipping
Refreshing native plugins compatible for Editor in 0.29 ms, found 2 plugins.
Preloading 0 native plugins for Editor in 0.00 ms.
Unloading 1399 Unused Serialized files (Serialized files now loaded: 0)
System memory in use before: 68.6 MB.
System memory in use after: 68.7 MB.

Unloading 15 unused Assets to reduce memory usage. Loaded Objects now: 2010.
Total: 1.505800 ms (FindLiveObjects: 0.144200 ms CreateObjectMapping: 0.031400 ms MarkObjects: 1.315500 ms  DeleteObjects: 0.014000 ms)

========================================================================
Received Prepare
Registering precompiled user dll's ...
Registered in 0.003178 seconds.
Begin MonoManager ReloadAssembly
Native extension for WindowsStandalone target not found
Refreshing native plugins compatible for Editor in 0.29 ms, found 2 plugins.
Preloading 0 native plugins for Editor in 0.00 ms.
Mono: successfully reloaded assembly
- Completed reload, in  0.701 seconds
Platform modules already initialized, skipping
Refreshing native plugins compatible for Editor in 0.30 ms, found 2 plugins.
Preloading 0 native plugins for Editor in 0.00 ms.
Unloading 1399 Unused Serialized files (Serialized files now loaded: 0)
System memory in use before: 68.6 MB.
System memory in use after: 68.7 MB.

Unloading 15 unused Assets to reduce memory usage. Loaded Objects now: 2013.
Total: 1.838600 ms (FindLiveObjects: 0.169800 ms CreateObjectMapping: 0.036600 ms MarkObjects: 1.616000 ms  DeleteObjects: 0.015000 ms)

========================================================================
Received Prepare
Registering precompiled user dll's ...
Registered in 0.003307 seconds.
Begin MonoManager ReloadAssembly
Native extension for WindowsStandalone target not found
Refreshing native plugins compatible for Editor in 0.30 ms, found 2 plugins.
Preloading 0 native plugins for Editor in 0.00 ms.
Mono: successfully reloaded assembly
- Completed reload, in  0.704 seconds
Platform modules already initialized, skipping
Refreshing native plugins compatible for Editor in 0.23 ms, found 2 plugins.
Preloading 0 native plugins for Editor in 0.00 ms.
Unloading 1399 Unused Serialized files (Serialized files now loaded: 0)
System memory in use before: 68.6 MB.
System memory in use after: 68.7 MB.

Unloading 15 unused Assets to reduce memory usage. Loaded Objects now: 2016.
Total: 1.576100 ms (FindLiveObjects: 0.196600 ms CreateObjectMapping: 0.056400 ms MarkObjects: 1.307400 ms  DeleteObjects: 0.015000 ms)

========================================================================
Received Prepare
Registering precompiled user dll's ...
Registered in 0.003565 seconds.
Begin MonoManager ReloadAssembly
Native extension for WindowsStandalone target not found
Refreshing native plugins compatible for Editor in 0.31 ms, found 2 plugins.
Preloading 0 native plugins for Editor in 0.00 ms.
Mono: successfully reloaded assembly
- Completed reload, in  0.696 seconds
Platform modules already initialized, skipping
Refreshing native plugins compatible for Editor in 0.31 ms, found 2 plugins.
Preloading 0 native plugins for Editor in 0.00 ms.
Unloading 1399 Unused Serialized files (Serialized files now loaded: 0)
System memory in use before: 68.6 MB.
System memory in use after: 68.7 MB.

Unloading 15 unused Assets to reduce memory usage. Loaded Objects now: 2019.
Total: 1.518600 ms (FindLiveObjects: 0.141300 ms CreateObjectMapping: 0.031600 ms MarkObjects: 1.331200 ms  DeleteObjects: 0.013700 ms)

========================================================================
Received Prepare
Registering precompiled user dll's ...
Registered in 0.004117 seconds.
Begin MonoManager ReloadAssembly
Native extension for WindowsStandalone target not found
Refreshing native plugins compatible for Editor in 0.31 ms, found 2 plugins.
Preloading 0 native plugins for Editor in 0.00 ms.
Mono: successfully reloaded assembly
- Completed reload, in  0.705 seconds
Platform modules already initialized, skipping
Refreshing native plugins compatible for Editor in 0.45 ms, found 2 plugins.
Preloading 0 native plugins for Editor in 0.00 ms.
Unloading 1399 Unused Serialized files (Serialized files now loaded: 0)
System memory in use before: 68.6 MB.
System memory in use after: 68.7 MB.

Unloading 15 unused Assets to reduce memory usage. Loaded Objects now: 2022.
Total: 1.881800 ms (FindLiveObjects: 0.213300 ms CreateObjectMapping: 0.035400 ms MarkObjects: 1.613200 ms  DeleteObjects: 0.018700 ms)

========================================================================
Received Prepare
Registering precompiled user dll's ...
Registered in 0.003201 seconds.
Begin MonoManager ReloadAssembly
Native extension for WindowsStandalone target not found
Refreshing native plugins compatible for Editor in 0.30 ms, found 2 plugins.
Preloading 0 native plugins for Editor in 0.00 ms.
Mono: successfully reloaded assembly
- Completed reload, in  0.701 seconds
Platform modules already initialized, skipping
Refreshing native plugins compatible for Editor in 0.22 ms, found 2 plugins.
Preloading 0 native plugins for Editor in 0.00 ms.
Unloading 1399 Unused Serialized files (Serialized files now loaded: 0)
System memory in use before: 68.6 MB.
System memory in use after: 68.7 MB.

Unloading 15 unused Assets to reduce memory usage. Loaded Objects now: 2025.
Total: 1.563400 ms (FindLiveObjects: 0.204300 ms CreateObjectMapping: 0.060700 ms MarkObjects: 1.281200 ms  DeleteObjects: 0.016300 ms)

AssetImportWorkerClient::OnTransportError - code=2 error=End of file
